{"total": {"lines":{"total":675,"covered":527,"skipped":0,"pct":78.07},"statements":{"total":702,"covered":540,"skipped":0,"pct":76.92},"functions":{"total":172,"covered":139,"skipped":0,"pct":80.81},"branches":{"total":374,"covered":250,"skipped":0,"pct":66.84},"branchesTrue":{"total":0,"covered":0,"skipped":0,"pct":100}}
,"/home/runner/work/blob-text-manager/blob-text-manager/app/layout.tsx": {"lines":{"total":2,"covered":2,"skipped":0,"pct":100},"functions":{"total":1,"covered":1,"skipped":0,"pct":100},"statements":{"total":2,"covered":2,"skipped":0,"pct":100},"branches":{"total":0,"covered":0,"skipped":0,"pct":100}}
,"/home/runner/work/blob-text-manager/blob-text-manager/app/page.tsx": {"lines":{"total":69,"covered":27,"skipped":0,"pct":39.13},"functions":{"total":15,"covered":7,"skipped":0,"pct":46.66},"statements":{"total":73,"covered":27,"skipped":0,"pct":36.98},"branches":{"total":44,"covered":15,"skipped":0,"pct":34.09}}
,"/home/runner/work/blob-text-manager/blob-text-manager/components/CloseConfirmDialog.tsx": {"lines":{"total":1,"covered":1,"skipped":0,"pct":100},"functions":{"total":1,"covered":1,"skipped":0,"pct":100},"statements":{"total":1,"covered":1,"skipped":0,"pct":100},"branches":{"total":0,"covered":0,"skipped":0,"pct":100}}
,"/home/runner/work/blob-text-manager/blob-text-manager/components/CreateForm.tsx": {"lines":{"total":59,"covered":49,"skipped":0,"pct":83.05},"functions":{"total":7,"covered":7,"skipped":0,"pct":100},"statements":{"total":60,"covered":49,"skipped":0,"pct":81.66},"branches":{"total":58,"covered":50,"skipped":0,"pct":86.2}}
,"/home/runner/work/blob-text-manager/blob-text-manager/components/DeleteConfirmDialog.tsx": {"lines":{"total":17,"covered":15,"skipped":0,"pct":88.23},"functions":{"total":6,"covered":6,"skipped":0,"pct":100},"statements":{"total":17,"covered":15,"skipped":0,"pct":88.23},"branches":{"total":20,"covered":17,"skipped":0,"pct":85}}
,"/home/runner/work/blob-text-manager/blob-text-manager/components/FileEditor.tsx": {"lines":{"total":48,"covered":19,"skipped":0,"pct":39.58},"functions":{"total":7,"covered":3,"skipped":0,"pct":42.85},"statements":{"total":49,"covered":19,"skipped":0,"pct":38.77},"branches":{"total":33,"covered":17,"skipped":0,"pct":51.51}}
,"/home/runner/work/blob-text-manager/blob-text-manager/components/FileExplorer.tsx": {"lines":{"total":26,"covered":24,"skipped":0,"pct":92.3},"functions":{"total":11,"covered":11,"skipped":0,"pct":100},"statements":{"total":27,"covered":25,"skipped":0,"pct":92.59},"branches":{"total":16,"covered":13,"skipped":0,"pct":81.25}}
,"/home/runner/work/blob-text-manager/blob-text-manager/components/OperationConfirmDialog.tsx": {"lines":{"total":1,"covered":1,"skipped":0,"pct":100},"functions":{"total":1,"covered":1,"skipped":0,"pct":100},"statements":{"total":1,"covered":1,"skipped":0,"pct":100},"branches":{"total":2,"covered":0,"skipped":0,"pct":0}}
,"/home/runner/work/blob-text-manager/blob-text-manager/components/ui/alert-dialog.tsx": {"lines":{"total":27,"covered":27,"skipped":0,"pct":100},"functions":{"total":8,"covered":8,"skipped":0,"pct":100},"statements":{"total":27,"covered":27,"skipped":0,"pct":100},"branches":{"total":0,"covered":0,"skipped":0,"pct":100}}
,"/home/runner/work/blob-text-manager/blob-text-manager/components/ui/button.tsx": {"lines":{"total":5,"covered":5,"skipped":0,"pct":100},"functions":{"total":1,"covered":1,"skipped":0,"pct":100},"statements":{"total":5,"covered":5,"skipped":0,"pct":100},"branches":{"total":3,"covered":2,"skipped":0,"pct":66.66}}
,"/home/runner/work/blob-text-manager/blob-text-manager/components/ui/card.tsx": {"lines":{"total":18,"covered":16,"skipped":0,"pct":88.88},"functions":{"total":6,"covered":4,"skipped":0,"pct":66.66},"statements":{"total":18,"covered":16,"skipped":0,"pct":88.88},"branches":{"total":0,"covered":0,"skipped":0,"pct":100}}
,"/home/runner/work/blob-text-manager/blob-text-manager/components/ui/input.tsx": {"lines":{"total":3,"covered":3,"skipped":0,"pct":100},"functions":{"total":1,"covered":1,"skipped":0,"pct":100},"statements":{"total":3,"covered":3,"skipped":0,"pct":100},"branches":{"total":0,"covered":0,"skipped":0,"pct":100}}
,"/home/runner/work/blob-text-manager/blob-text-manager/components/ui/textarea.tsx": {"lines":{"total":3,"covered":3,"skipped":0,"pct":100},"functions":{"total":1,"covered":1,"skipped":0,"pct":100},"statements":{"total":3,"covered":3,"skipped":0,"pct":100},"branches":{"total":0,"covered":0,"skipped":0,"pct":100}}
,"/home/runner/work/blob-text-manager/blob-text-manager/components/ui/toast.tsx": {"lines":{"total":20,"covered":19,"skipped":0,"pct":95},"functions":{"total":6,"covered":5,"skipped":0,"pct":83.33},"statements":{"total":20,"covered":19,"skipped":0,"pct":95},"branches":{"total":0,"covered":0,"skipped":0,"pct":100}}
,"/home/runner/work/blob-text-manager/blob-text-manager/components/ui/toaster.tsx": {"lines":{"total":3,"covered":3,"skipped":0,"pct":100},"functions":{"total":2,"covered":2,"skipped":0,"pct":100},"statements":{"total":3,"covered":3,"skipped":0,"pct":100},"branches":{"total":4,"covered":4,"skipped":0,"pct":100}}
,"/home/runner/work/blob-text-manager/blob-text-manager/components/ui/tree-actions.tsx": {"lines":{"total":9,"covered":9,"skipped":0,"pct":100},"functions":{"total":5,"covered":5,"skipped":0,"pct":100},"statements":{"total":9,"covered":9,"skipped":0,"pct":100},"branches":{"total":0,"covered":0,"skipped":0,"pct":100}}
,"/home/runner/work/blob-text-manager/blob-text-manager/components/ui/tree-view.tsx": {"lines":{"total":61,"covered":56,"skipped":0,"pct":91.8},"functions":{"total":18,"covered":16,"skipped":0,"pct":88.88},"statements":{"total":64,"covered":57,"skipped":0,"pct":89.06},"branches":{"total":62,"covered":50,"skipped":0,"pct":80.64}}
,"/home/runner/work/blob-text-manager/blob-text-manager/components/ui/use-toast.tsx": {"lines":{"total":51,"covered":29,"skipped":0,"pct":56.86},"functions":{"total":16,"covered":7,"skipped":0,"pct":43.75},"statements":{"total":53,"covered":29,"skipped":0,"pct":54.71},"branches":{"total":20,"covered":2,"skipped":0,"pct":10}}
,"/home/runner/work/blob-text-manager/blob-text-manager/hooks/useAnimatedState.ts": {"lines":{"total":22,"covered":17,"skipped":0,"pct":77.27},"functions":{"total":8,"covered":6,"skipped":0,"pct":75},"statements":{"total":23,"covered":17,"skipped":0,"pct":73.91},"branches":{"total":10,"covered":6,"skipped":0,"pct":60}}
,"/home/runner/work/blob-text-manager/blob-text-manager/hooks/useFileOperations.ts": {"lines":{"total":132,"covered":112,"skipped":0,"pct":84.84},"functions":{"total":27,"covered":25,"skipped":0,"pct":92.59},"statements":{"total":139,"covered":117,"skipped":0,"pct":84.17},"branches":{"total":60,"covered":44,"skipped":0,"pct":73.33}}
,"/home/runner/work/blob-text-manager/blob-text-manager/hooks/useFileTree.ts": {"lines":{"total":44,"covered":44,"skipped":0,"pct":100},"functions":{"total":8,"covered":8,"skipped":0,"pct":100},"statements":{"total":50,"covered":49,"skipped":0,"pct":98},"branches":{"total":22,"covered":18,"skipped":0,"pct":81.81}}
,"/home/runner/work/blob-text-manager/blob-text-manager/lib/actions.client.ts": {"lines":{"total":33,"covered":29,"skipped":0,"pct":87.87},"functions":{"total":7,"covered":6,"skipped":0,"pct":85.71},"statements":{"total":34,"covered":30,"skipped":0,"pct":88.23},"branches":{"total":18,"covered":11,"skipped":0,"pct":61.11}}
,"/home/runner/work/blob-text-manager/blob-text-manager/lib/actions.ts": {"lines":{"total":19,"covered":15,"skipped":0,"pct":78.94},"functions":{"total":8,"covered":6,"skipped":0,"pct":75},"statements":{"total":19,"covered":15,"skipped":0,"pct":78.94},"branches":{"total":2,"covered":1,"skipped":0,"pct":50}}
,"/home/runner/work/blob-text-manager/blob-text-manager/lib/const.ts": {"lines":{"total":1,"covered":1,"skipped":0,"pct":100},"functions":{"total":0,"covered":0,"skipped":0,"pct":100},"statements":{"total":1,"covered":1,"skipped":0,"pct":100},"branches":{"total":0,"covered":0,"skipped":0,"pct":100}}
,"/home/runner/work/blob-text-manager/blob-text-manager/lib/utils.ts": {"lines":{"total":1,"covered":1,"skipped":0,"pct":100},"functions":{"total":1,"covered":1,"skipped":0,"pct":100},"statements":{"total":1,"covered":1,"skipped":0,"pct":100},"branches":{"total":0,"covered":0,"skipped":0,"pct":100}}
}
