TN:
SF:app/layout.tsx
FN:12,RootLayout
FNF:1
FNH:1
FNDA:59,RootLayout
DA:6,2
DA:17,59
LF:2
LH:2
BRF:0
BRH:0
end_of_record
TN:
SF:app/page.tsx
FN:31,Home
FN:54,(anonymous_1)
FN:61,(anonymous_2)
FN:65,(anonymous_3)
FN:80,(anonymous_4)
FN:103,(anonymous_5)
FN:128,(anonymous_6)
FN:154,(anonymous_7)
FN:160,(anonymous_8)
FN:187,(anonymous_9)
FN:224,(anonymous_10)
FN:247,(anonymous_11)
FN:257,(anonymous_12)
FN:265,(anonymous_13)
FN:278,(anonymous_14)
FNF:15
FNH:7
FNDA:345,Home
FNDA:4,(anonymous_1)
FNDA:0,(anonymous_2)
FNDA:0,(anonymous_3)
FNDA:14,(anonymous_4)
FNDA:8,(anonymous_5)
FNDA:0,(anonymous_6)
FNDA:0,(anonymous_7)
FNDA:30,(anonymous_8)
FNDA:2,(anonymous_9)
FNDA:0,(anonymous_10)
FNDA:0,(anonymous_11)
FNDA:0,(anonymous_12)
FNDA:0,(anonymous_13)
FNDA:1,(anonymous_14)
DA:45,345
DA:47,345
DA:48,345
DA:50,345
DA:51,345
DA:53,345
DA:55,4
DA:56,4
DA:61,345
DA:65,0
DA:66,0
DA:67,0
DA:70,0
DA:72,0
DA:79,345
DA:81,14
DA:82,0
DA:83,0
DA:89,0
DA:92,14
DA:93,14
DA:102,345
DA:104,8
DA:105,0
DA:106,0
DA:112,0
DA:115,8
DA:116,4
DA:118,8
DA:128,345
DA:129,0
DA:131,0
DA:132,0
DA:133,0
DA:135,0
DA:137,0
DA:138,0
DA:139,0
DA:141,0
DA:142,0
DA:143,0
DA:150,0
DA:154,345
DA:155,0
DA:156,0
DA:157,0
DA:160,345
DA:161,30
DA:164,345
DA:187,2
DA:225,0
DA:226,0
DA:231,0
DA:233,0
DA:234,0
DA:239,0
DA:241,0
DA:247,0
DA:258,0
DA:259,0
DA:260,0
DA:261,0
DA:266,0
DA:267,0
DA:268,0
DA:279,1
DA:280,1
DA:281,1
DA:286,0
LF:69
LH:27
BRDA:70,0,0,0
BRDA:70,0,1,0
BRDA:70,1,0,0
BRDA:70,1,1,0
BRDA:81,2,0,0
BRDA:81,2,1,14
BRDA:104,3,0,0
BRDA:104,3,1,8
BRDA:104,4,0,8
BRDA:104,4,1,0
BRDA:115,5,0,4
BRDA:115,5,1,4
BRDA:129,6,0,0
BRDA:129,6,1,0
BRDA:135,7,0,0
BRDA:135,7,1,0
BRDA:142,8,0,0
BRDA:142,8,1,0
BRDA:155,9,0,0
BRDA:155,9,1,0
BRDA:180,10,0,345
BRDA:180,10,1,10
BRDA:211,11,0,86
BRDA:211,11,1,259
BRDA:212,12,0,20
BRDA:212,12,1,66
BRDA:222,13,0,20
BRDA:222,13,1,325
BRDA:223,14,0,54
BRDA:223,14,1,291
BRDA:225,15,0,0
BRDA:225,15,1,0
BRDA:233,16,0,0
BRDA:233,16,1,0
BRDA:233,17,0,0
BRDA:233,17,1,0
BRDA:258,18,0,0
BRDA:258,18,1,0
BRDA:258,19,0,0
BRDA:258,19,1,0
BRDA:260,20,0,0
BRDA:260,20,1,0
BRDA:266,21,0,0
BRDA:266,21,1,0
BRF:44
BRH:15
end_of_record
TN:
SF:components/CloseConfirmDialog.tsx
FN:21,CloseConfirmDialog
FNF:1
FNH:1
FNDA:44,CloseConfirmDialog
DA:27,44
LF:1
LH:1
BRF:0
BRH:0
end_of_record
TN:
SF:components/CreateForm.tsx
FN:24,CreateForm
FN:52,(anonymous_1)
FN:63,(anonymous_2)
FN:71,(anonymous_3)
FN:151,(anonymous_4)
FN:159,(anonymous_5)
FN:239,(anonymous_6)
FNF:7
FNH:7
FNDA:1175,CreateForm
FNDA:45,(anonymous_1)
FNDA:435,(anonymous_2)
FNDA:29,(anonymous_3)
FNDA:2,(anonymous_4)
FNDA:469,(anonymous_5)
FNDA:1,(anonymous_6)
DA:24,32
DA:30,1175
DA:31,1175
DA:32,1175
DA:38,1175
DA:44,1175
DA:46,1175
DA:47,1175
DA:49,1175
DA:52,1175
DA:53,45
DA:54,15
DA:55,15
DA:57,45
DA:58,4
DA:62,1175
DA:64,435
DA:65,435
DA:70,1175
DA:72,29
DA:73,29
DA:75,29
DA:76,0
DA:77,0
DA:80,29
DA:81,29
DA:88,29
DA:92,29
DA:93,15
DA:94,15
DA:97,14
DA:98,4
DA:100,10
DA:103,14
DA:104,14
DA:105,14
DA:106,14
DA:107,14
DA:108,4
DA:110,10
DA:113,0
DA:114,0
DA:117,0
DA:118,0
DA:120,0
DA:125,0
DA:126,0
DA:128,0
DA:131,14
DA:150,1175
DA:152,2
DA:153,2
DA:158,1175
DA:160,469
DA:161,26
DA:162,26
DA:169,1175
DA:171,1175
DA:239,1
LF:59
LH:49
BRDA:49,0,0,1175
BRDA:49,0,1,1047
BRDA:53,1,0,15
BRDA:53,1,1,30
BRDA:57,2,0,4
BRDA:57,2,1,41
BRDA:72,3,0,8
BRDA:72,3,1,21
BRDA:73,4,0,0
BRDA:73,4,1,29
BRDA:75,5,0,0
BRDA:75,5,1,29
BRDA:80,6,0,8
BRDA:80,6,1,21
BRDA:81,7,0,4
BRDA:81,7,1,25
BRDA:92,8,0,15
BRDA:92,8,1,14
BRDA:97,9,0,4
BRDA:97,9,1,10
BRDA:107,10,0,4
BRDA:107,10,1,10
BRDA:115,11,0,0
BRDA:115,11,1,0
BRDA:117,12,0,0
BRDA:117,12,1,0
BRDA:125,13,0,0
BRDA:125,13,1,0
BRDA:160,14,0,26
BRDA:160,14,1,443
BRDA:169,15,0,1175
BRDA:169,15,1,1145
BRDA:175,16,0,1175
BRDA:175,16,1,222
BRDA:197,17,0,30
BRDA:197,17,1,1145
BRDA:200,18,0,1175
BRDA:200,18,1,222
BRDA:201,19,0,1175
BRDA:201,19,1,30
BRDA:219,20,0,30
BRDA:219,20,1,1145
BRDA:221,21,0,88
BRDA:221,21,1,1057
BRDA:226,22,0,30
BRDA:226,22,1,1145
BRDA:228,23,0,88
BRDA:228,23,1,1057
BRDA:242,24,0,16
BRDA:242,24,1,1159
BRDA:244,25,0,8
BRDA:244,25,1,1151
BRDA:249,26,0,16
BRDA:249,26,1,1159
BRDA:251,27,0,8
BRDA:251,27,1,1151
BRDA:259,28,0,1175
BRDA:259,28,1,30
BRF:58
BRH:50
end_of_record
TN:
SF:components/DeleteConfirmDialog.tsx
FN:21,DeleteConfirmDialog
FN:30,(anonymous_1)
FN:39,(anonymous_2)
FN:44,(anonymous_3)
FN:69,(anonymous_4)
FN:88,(anonymous_5)
FNF:6
FNH:6
FNDA:700,DeleteConfirmDialog
FNDA:27,(anonymous_1)
FNDA:231,(anonymous_2)
FNDA:171,(anonymous_3)
FNDA:27,(anonymous_4)
FNDA:5,(anonymous_5)
DA:27,700
DA:29,700
DA:31,27
DA:32,0
DA:33,0
DA:39,700
DA:40,231
DA:41,7
DA:42,7
DA:44,231
DA:45,171
DA:49,700
DA:50,700
DA:52,700
DA:69,27
DA:89,5
DA:90,5
LF:17
LH:15
BRDA:31,0,0,0
BRDA:31,0,1,27
BRDA:31,1,0,27
BRDA:31,1,1,0
BRDA:40,2,0,7
BRDA:40,2,1,224
BRDA:50,3,0,700
BRDA:50,3,1,367
BRDA:56,4,0,367
BRDA:56,4,1,333
BRDA:57,5,0,367
BRDA:57,5,1,333
BRDA:60,6,0,367
BRDA:60,6,1,333
BRDA:77,7,0,4
BRDA:77,7,1,329
BRDA:89,8,0,5
BRDA:89,8,1,0
BRDA:94,9,0,367
BRDA:94,9,1,333
BRF:20
BRH:17
end_of_record
TN:
SF:components/FileEditor.tsx
FN:22,FileEditor
FN:41,(anonymous_1)
FN:48,(anonymous_2)
FN:52,(anonymous_3)
FN:75,(anonymous_4)
FN:97,(anonymous_5)
FN:169,(anonymous_6)
FNF:7
FNH:3
FNDA:315,FileEditor
FNDA:66,(anonymous_1)
FNDA:64,(anonymous_2)
FNDA:0,(anonymous_3)
FNDA:0,(anonymous_4)
FNDA:0,(anonymous_5)
FNDA:0,(anonymous_6)
DA:30,315
DA:31,315
DA:32,315
DA:33,315
DA:39,315
DA:41,315
DA:42,66
DA:43,24
DA:44,24
DA:48,315
DA:49,64
DA:52,315
DA:53,0
DA:55,0
DA:56,0
DA:57,0
DA:58,0
DA:59,0
DA:61,0
DA:62,0
DA:63,0
DA:64,0
DA:66,0
DA:71,0
DA:75,315
DA:76,0
DA:77,0
DA:78,0
DA:79,0
DA:80,0
DA:81,0
DA:83,0
DA:84,0
DA:85,0
DA:86,0
DA:88,0
DA:93,0
DA:97,315
DA:98,0
DA:99,0
DA:101,0
DA:105,315
DA:106,267
DA:113,48
DA:114,4
DA:121,44
DA:170,0
DA:171,0
LF:48
LH:19
BRDA:26,0,0,0
BRDA:30,1,0,315
BRDA:30,1,1,267
BRDA:42,2,0,24
BRDA:42,2,1,42
BRDA:53,3,0,0
BRDA:53,3,1,0
BRDA:63,4,0,0
BRDA:63,4,1,0
BRDA:85,5,0,0
BRDA:85,5,1,0
BRDA:98,6,0,0
BRDA:98,6,1,0
BRDA:105,7,0,267
BRDA:105,7,1,48
BRDA:113,8,0,4
BRDA:113,8,1,44
BRDA:162,9,0,44
BRDA:162,9,1,0
BRDA:179,10,0,44
BRDA:179,10,1,44
BRDA:181,11,0,0
BRDA:181,11,1,44
BRDA:183,12,0,0
BRDA:183,12,1,44
BRDA:188,13,0,0
BRDA:188,13,1,44
BRDA:190,14,0,0
BRDA:190,14,1,44
BRDA:201,15,0,0
BRDA:201,15,1,44
BRDA:203,16,0,0
BRDA:203,16,1,44
BRF:33
BRH:17
end_of_record
TN:
SF:components/FileExplorer.tsx
FN:21,FileExplorer
FN:32,(anonymous_1)
FN:37,(anonymous_2)
FN:50,(anonymous_3)
FN:52,(anonymous_4)
FN:55,(anonymous_5)
FN:56,(anonymous_6)
FN:60,(anonymous_7)
FN:61,(anonymous_8)
FN:70,(anonymous_9)
FN:78,(anonymous_10)
FNF:11
FNH:11
FNDA:323,FileExplorer
FNDA:5,(anonymous_1)
FNDA:4,(anonymous_2)
FNDA:338,(anonymous_3)
FNDA:3,(anonymous_4)
FNDA:222,(anonymous_5)
FNDA:346,(anonymous_6)
FNDA:2,(anonymous_7)
FNDA:4,(anonymous_8)
FNDA:2,(anonymous_9)
FNDA:6,(anonymous_10)
DA:29,323
DA:30,323
DA:32,323
DA:33,5
DA:34,5
DA:37,323
DA:38,4
DA:39,4
DA:41,4
DA:42,4
DA:45,323
DA:51,338
DA:52,3
DA:56,346
DA:57,222
DA:60,2
DA:61,4
DA:69,323
DA:71,2
DA:72,0
DA:73,0
DA:76,2
DA:77,2
DA:78,6
DA:80,2
DA:85,323
LF:26
LH:24
BRDA:38,0,0,4
BRDA:38,0,1,0
BRDA:60,1,0,2
BRDA:60,1,1,2
BRDA:71,2,0,0
BRDA:71,2,1,2
BRDA:80,3,0,2
BRDA:80,3,1,0
BRDA:87,4,0,60
BRDA:87,4,1,263
BRDA:92,5,0,263
BRDA:92,5,1,209
BRDA:104,6,0,12
BRDA:104,6,1,311
BRDA:104,7,0,4
BRDA:104,7,1,8
BRF:16
BRH:13
end_of_record
TN:
SF:components/OperationConfirmDialog.tsx
FN:22,OperationConfirmDialog
FNF:1
FNH:1
FNDA:311,OperationConfirmDialog
DA:29,311
LF:1
LH:1
BRDA:26,0,0,0
BRDA:27,1,0,0
BRF:2
BRH:0
end_of_record
TN:
SF:components/ui/alert-dialog.tsx
FN:18,(anonymous_0)
FN:33,(anonymous_1)
FN:48,(anonymous_2)
FN:62,(anonymous_3)
FN:79,(anonymous_4)
FN:91,(anonymous_5)
FN:107,(anonymous_6)
FN:119,(anonymous_7)
FNF:8
FNH:8
FNDA:120,(anonymous_0)
FNDA:1043,(anonymous_1)
FNDA:92,(anonymous_2)
FNDA:92,(anonymous_3)
FNDA:92,(anonymous_4)
FNDA:92,(anonymous_5)
FNDA:92,(anonymous_6)
FNDA:92,(anonymous_7)
DA:9,32
DA:11,32
DA:13,32
DA:15,32
DA:19,120
DA:28,32
DA:30,32
DA:34,1043
DA:46,32
DA:48,32
DA:52,92
DA:60,32
DA:62,32
DA:66,92
DA:74,32
DA:76,32
DA:80,92
DA:86,32
DA:88,32
DA:92,92
DA:101,32
DA:104,32
DA:108,92
DA:114,32
DA:116,32
DA:120,92
DA:130,32
LF:27
LH:27
BRF:0
BRH:0
end_of_record
TN:
SF:components/ui/button.tsx
FN:44,(anonymous_0)
FNF:1
FNH:1
FNDA:3259,(anonymous_0)
DA:7,32
DA:43,32
DA:45,3259
DA:46,3259
DA:55,32
LF:5
LH:5
BRDA:44,0,0,3259
BRDA:45,1,0,0
BRDA:45,1,1,3259
BRF:3
BRH:2
end_of_record
TN:
SF:components/ui/card.tsx
FN:8,(anonymous_0)
FN:23,(anonymous_1)
FN:35,(anonymous_2)
FN:50,(anonymous_3)
FN:62,(anonymous_4)
FN:70,(anonymous_5)
FNF:6
FNH:4
FNDA:315,(anonymous_0)
FNDA:44,(anonymous_1)
FNDA:44,(anonymous_2)
FNDA:0,(anonymous_3)
FNDA:44,(anonymous_4)
FNDA:0,(anonymous_5)
DA:5,32
DA:9,315
DA:18,32
DA:20,32
DA:24,44
DA:30,32
DA:32,32
DA:36,44
DA:45,32
DA:47,32
DA:51,0
DA:57,32
DA:59,32
DA:63,44
DA:65,32
DA:67,32
DA:71,0
DA:77,32
LF:18
LH:16
BRF:0
BRH:0
end_of_record
TN:
SF:components/ui/input.tsx
FN:6,(anonymous_0)
FNF:1
FNH:1
FNDA:1237,(anonymous_0)
DA:5,32
DA:7,1237
DA:20,32
LF:3
LH:3
BRF:0
BRH:0
end_of_record
TN:
SF:components/ui/textarea.tsx
FN:9,(anonymous_0)
FNF:1
FNH:1
FNDA:44,(anonymous_0)
DA:8,32
DA:10,44
DA:22,32
LF:3
LH:3
BRF:0
BRH:0
end_of_record
TN:
SF:components/ui/toast.tsx
FN:13,(anonymous_0)
FN:45,(anonymous_1)
FN:61,(anonymous_2)
FN:76,(anonymous_3)
FN:94,(anonymous_4)
FN:108,(anonymous_5)
FNF:6
FNH:5
FNDA:121,(anonymous_0)
FNDA:2,(anonymous_1)
FNDA:0,(anonymous_2)
FNDA:2,(anonymous_3)
FNDA:2,(anonymous_4)
FNDA:2,(anonymous_5)
DA:8,32
DA:10,32
DA:14,121
DA:23,32
DA:25,32
DA:41,32
DA:46,2
DA:56,32
DA:58,32
DA:62,0
DA:71,32
DA:73,32
DA:77,2
DA:89,32
DA:91,32
DA:95,2
DA:103,32
DA:105,32
DA:109,2
DA:117,32
LF:20
LH:19
BRF:0
BRH:0
end_of_record
TN:
SF:components/ui/toaster.tsx
FN:13,Toaster
FN:18,(anonymous_1)
FNF:2
FNH:2
FNDA:121,Toaster
FNDA:2,(anonymous_1)
DA:14,121
DA:16,121
DA:19,2
LF:3
LH:3
BRDA:21,0,0,2
BRDA:21,0,1,2
BRDA:22,1,0,2
BRDA:22,1,1,2
BRF:4
BRH:4
end_of_record
TN:
SF:components/ui/tree-actions.tsx
FN:13,FileAction
FN:21,(anonymous_1)
FN:31,DirectoryAction
FN:44,(anonymous_3)
FN:58,(anonymous_4)
FNF:5
FNH:5
FNDA:30,FileAction
FNDA:3,(anonymous_1)
FNDA:56,DirectoryAction
FNDA:4,(anonymous_3)
FNDA:2,(anonymous_4)
DA:14,30
DA:22,3
DA:23,3
DA:36,56
DA:45,4
DA:46,4
DA:47,4
DA:59,2
DA:60,2
LF:9
LH:9
BRF:0
BRH:0
end_of_record
TN:
SF:components/ui/tree-view.tsx
FN:20,TreeView
FN:36,(anonymous_1)
FN:44,(anonymous_2)
FN:45,(anonymous_3)
FN:59,(anonymous_4)
FN:66,(anonymous_5)
FN:74,(anonymous_6)
FN:84,(anonymous_7)
FN:109,(anonymous_8)
FN:136,(anonymous_9)
FN:137,(anonymous_10)
FN:143,(anonymous_11)
FN:144,(anonymous_12)
FN:153,(anonymous_13)
FN:186,(anonymous_14)
FN:200,(anonymous_15)
FN:202,(anonymous_16)
FN:221,(anonymous_17)
FNF:18
FNH:16
FNDA:389,TreeView
FNDA:107,(anonymous_1)
FNDA:18,(anonymous_2)
FNDA:36,(anonymous_3)
FNDA:107,(anonymous_4)
FNDA:2,(anonymous_5)
FNDA:7,(anonymous_6)
FNDA:836,(anonymous_7)
FNDA:196,(anonymous_8)
FNDA:7,(anonymous_9)
FNDA:0,(anonymous_10)
FNDA:33,(anonymous_11)
FNDA:17,(anonymous_12)
FNDA:0,(anonymous_13)
FNDA:168,(anonymous_14)
FNDA:5,(anonymous_15)
FNDA:10,(anonymous_16)
FNDA:668,(anonymous_17)
DA:18,32
DA:29,389
DA:30,389
DA:31,389
DA:33,389
DA:34,389
DA:36,389
DA:37,107
DA:38,91
DA:42,389
DA:44,389
DA:45,18
DA:46,36
DA:47,36
DA:48,36
DA:49,36
DA:50,42
DA:51,42
DA:52,42
DA:53,42
DA:55,36
DA:59,389
DA:60,107
DA:61,16
DA:65,389
DA:67,2
DA:68,2
DA:69,2
DA:74,389
DA:75,7
DA:76,5
DA:77,5
DA:80,2
DA:81,2
DA:84,389
DA:90,836
DA:91,836
DA:92,836
DA:94,836
DA:96,836
DA:110,196
DA:111,196
DA:113,196
DA:136,7
DA:138,0
DA:139,0
DA:140,0
DA:143,33
DA:144,17
DA:153,0
DA:187,168
DA:200,389
DA:201,5
DA:202,5
DA:203,10
DA:204,10
DA:205,0
DA:207,10
DA:209,10
DA:213,389
DA:222,668
LF:61
LH:56
BRDA:37,0,0,91
BRDA:37,0,1,16
BRDA:42,1,0,389
BRDA:42,1,1,299
BRDA:51,2,0,0
BRDA:51,2,1,42
BRDA:52,3,0,28
BRDA:52,3,1,14
BRDA:60,4,0,16
BRDA:60,4,1,91
BRDA:75,5,0,5
BRDA:75,5,1,2
BRDA:86,6,0,0
BRDA:87,7,0,0
BRDA:88,8,0,0
BRDA:94,9,0,836
BRDA:94,9,1,410
BRDA:94,10,0,0
BRDA:94,10,1,410
BRDA:101,11,0,426
BRDA:101,11,1,410
BRDA:104,12,0,426
BRDA:104,12,1,410
BRDA:107,13,0,836
BRDA:107,13,1,168
BRDA:111,14,0,0
BRDA:111,14,1,196
BRDA:131,15,0,836
BRDA:131,15,1,64
BRDA:134,16,0,168
BRDA:134,16,1,668
BRDA:138,17,0,0
BRDA:138,17,1,0
BRDA:138,18,0,0
BRDA:138,18,1,0
BRDA:148,19,0,836
BRDA:148,19,1,426
BRDA:154,20,0,116
BRDA:154,20,1,310
BRDA:156,21,0,116
BRDA:156,21,1,310
BRDA:164,22,0,836
BRDA:164,22,1,836
BRDA:168,23,0,116
BRDA:168,23,1,720
BRDA:168,24,0,836
BRDA:168,24,1,116
BRDA:173,25,0,836
BRDA:173,25,1,116
BRDA:173,25,2,116
BRDA:181,26,0,836
BRDA:181,26,1,836
BRDA:181,26,2,132
BRDA:184,27,0,836
BRDA:184,27,1,426
BRDA:184,27,2,116
BRDA:190,28,0,168
BRDA:190,28,1,0
BRDA:204,29,0,0
BRDA:204,29,1,10
BRDA:220,30,0,274
BRDA:220,30,1,115
BRF:62
BRH:50
end_of_record
TN:
SF:components/ui/use-toast.tsx
FN:24,genId
FN:55,(anonymous_1)
FN:60,(anonymous_2)
FN:71,(anonymous_3)
FN:82,(anonymous_4)
FN:101,(anonymous_5)
FN:120,(anonymous_6)
FN:129,dispatch
FN:138,toast
FN:141,(anonymous_9)
FN:146,(anonymous_10)
FN:154,(anonymous_11)
FN:167,useToast
FN:171,(anonymous_13)
FN:173,(anonymous_14)
FN:184,(anonymous_15)
FNF:16
FNH:7
FNDA:1,genId
FNDA:0,(anonymous_1)
FNDA:0,(anonymous_2)
FNDA:1,(anonymous_3)
FNDA:0,(anonymous_4)
FNDA:0,(anonymous_5)
FNDA:0,(anonymous_6)
FNDA:1,dispatch
FNDA:1,toast
FNDA:0,(anonymous_9)
FNDA:0,(anonymous_10)
FNDA:0,(anonymous_11)
FNDA:121,useToast
FNDA:31,(anonymous_13)
FNDA:1,(anonymous_14)
FNDA:0,(anonymous_15)
DA:5,32
DA:6,32
DA:15,32
DA:22,32
DA:25,1
DA:26,1
DA:53,32
DA:55,32
DA:56,0
DA:57,0
DA:60,0
DA:61,0
DA:62,0
DA:68,0
DA:71,32
DA:72,1
DA:74,1
DA:80,0
DA:83,0
DA:88,0
DA:91,0
DA:92,0
DA:94,0
DA:95,0
DA:99,0
DA:102,0
DA:112,0
DA:113,0
DA:118,0
DA:120,0
DA:125,32
DA:127,32
DA:130,1
DA:131,1
DA:132,1
DA:139,1
DA:141,1
DA:142,0
DA:146,1
DA:148,1
DA:155,0
DA:160,1
DA:168,121
DA:171,121
DA:172,31
DA:173,31
DA:174,1
DA:175,1
DA:176,1
DA:181,121
DA:184,0
LF:51
LH:29
BRDA:56,0,0,0
BRDA:56,0,1,0
BRDA:72,1,0,1
BRDA:72,1,1,0
BRDA:72,1,2,0
BRDA:72,1,3,0
BRDA:83,2,0,0
BRDA:83,2,1,0
BRDA:91,3,0,0
BRDA:91,3,1,0
BRDA:102,4,0,0
BRDA:102,4,1,0
BRDA:102,5,0,0
BRDA:102,5,1,0
BRDA:112,6,0,0
BRDA:112,6,1,0
BRDA:155,7,0,0
BRDA:155,7,1,0
BRDA:175,8,0,1
BRDA:175,8,1,0
BRF:20
BRH:2
end_of_record
TN:
SF:hooks/useAnimatedState.ts
FN:17,useAnimatedState
FN:25,(anonymous_1)
FN:26,(anonymous_2)
FN:34,(anonymous_3)
FN:38,(anonymous_4)
FN:43,(anonymous_5)
FN:49,(anonymous_6)
FN:54,(anonymous_7)
FNF:8
FNH:6
FNDA:2665,useAnimatedState
FNDA:124,(anonymous_1)
FNDA:34,(anonymous_2)
FNDA:152,(anonymous_3)
FNDA:14,(anonymous_4)
FNDA:14,(anonymous_5)
FNDA:0,(anonymous_6)
FNDA:0,(anonymous_7)
DA:21,2665
DA:22,2665
DA:25,2665
DA:26,124
DA:27,34
DA:28,0
DA:34,2665
DA:35,152
DA:38,2665
DA:39,14
DA:40,14
DA:43,2665
DA:44,14
DA:45,1
DA:48,14
DA:49,14
DA:50,0
DA:54,2665
DA:55,0
DA:56,0
DA:58,0
DA:61,2665
LF:22
LH:17
BRDA:17,0,0,2665
BRDA:18,1,0,2665
BRDA:27,2,0,0
BRDA:27,2,1,34
BRDA:39,3,0,0
BRDA:39,3,1,14
BRDA:44,4,0,1
BRDA:44,4,1,13
BRDA:55,5,0,0
BRDA:55,5,1,0
BRF:10
BRH:6
end_of_record
TN:
SF:hooks/useFileOperations.ts
FN:10,useFileOperations
FN:19,(anonymous_1)
FN:21,(anonymous_2)
FN:33,(anonymous_3)
FN:55,(anonymous_4)
FN:65,(anonymous_5)
FN:77,(anonymous_6)
FN:95,(anonymous_7)
FN:108,(anonymous_8)
FN:130,(anonymous_9)
FN:149,(anonymous_10)
FN:152,(anonymous_11)
FN:161,(anonymous_12)
FN:181,(anonymous_13)
FN:186,(anonymous_14)
FN:190,(anonymous_15)
FN:192,(anonymous_16)
FN:192,(anonymous_17)
FN:199,(anonymous_18)
FN:207,(anonymous_19)
FN:217,(anonymous_20)
FN:218,(anonymous_21)
FN:225,(anonymous_22)
FN:237,(anonymous_23)
FN:248,(anonymous_24)
FN:258,(anonymous_25)
FN:259,(anonymous_26)
FNF:27
FNH:25
FNDA:345,useFileOperations
FNDA:219,(anonymous_1)
FNDA:30,(anonymous_2)
FNDA:12,(anonymous_3)
FNDA:43,(anonymous_4)
FNDA:57,(anonymous_5)
FNDA:105,(anonymous_6)
FNDA:32,(anonymous_7)
FNDA:14,(anonymous_8)
FNDA:28,(anonymous_9)
FNDA:18,(anonymous_10)
FNDA:0,(anonymous_11)
FNDA:78,(anonymous_12)
FNDA:4,(anonymous_13)
FNDA:8,(anonymous_14)
FNDA:8,(anonymous_15)
FNDA:32,(anonymous_16)
FNDA:38,(anonymous_17)
FNDA:0,(anonymous_18)
FNDA:8,(anonymous_19)
FNDA:5,(anonymous_20)
FNDA:5,(anonymous_21)
FNDA:8,(anonymous_22)
FNDA:1,(anonymous_23)
FNDA:2,(anonymous_24)
FNDA:4,(anonymous_25)
FNDA:4,(anonymous_26)
DA:11,345
DA:12,345
DA:13,345
DA:14,345
DA:16,345
DA:17,345
DA:19,345
DA:21,345
DA:22,30
DA:23,30
DA:24,30
DA:25,30
DA:27,0
DA:29,30
DA:33,345
DA:34,12
DA:35,12
DA:36,0
DA:37,0
DA:39,12
DA:40,12
DA:42,4
DA:43,4
DA:44,4
DA:45,4
DA:47,0
DA:48,0
DA:50,4
DA:54,345
DA:56,43
DA:57,0
DA:60,43
DA:61,9
DA:64,34
DA:65,57
DA:66,1
DA:72,33
DA:73,33
DA:76,33
DA:77,33
DA:78,105
DA:79,105
DA:80,105
DA:82,105
DA:85,33
DA:86,3
DA:92,30
DA:93,18
DA:94,18
DA:95,32
DA:97,18
DA:98,2
DA:102,28
DA:107,345
DA:109,14
DA:110,14
DA:112,14
DA:113,0
DA:116,14
DA:124,14
DA:129,14
DA:130,28
DA:131,14
DA:133,14
DA:134,9
DA:137,14
DA:138,14
DA:140,14
DA:148,14
DA:149,9
DA:151,18
DA:152,0
DA:153,0
DA:154,0
DA:156,0
DA:161,18
DA:162,78
DA:163,18
DA:165,60
DA:168,9
DA:171,0
DA:172,0
DA:173,0
DA:174,0
DA:180,345
DA:182,4
DA:185,4
DA:186,8
DA:190,4
DA:191,8
DA:192,38
DA:197,4
DA:199,0
DA:201,0
DA:202,0
DA:205,4
DA:207,4
DA:208,8
DA:209,8
DA:210,10
DA:212,8
DA:216,4
DA:217,5
DA:218,5
DA:220,4
DA:221,4
DA:225,4
DA:226,8
DA:227,8
DA:228,10
DA:230,8
DA:237,345
DA:238,1
DA:241,1
DA:242,1
DA:243,1
DA:244,1
DA:246,1
DA:248,1
DA:249,2
DA:250,2
DA:251,8
DA:253,2
DA:257,1
DA:258,4
DA:259,4
DA:261,1
DA:262,1
DA:266,0
DA:267,0
DA:270,1
DA:274,345
LF:132
LH:112
BRDA:35,0,0,0
BRDA:35,0,1,12
BRDA:40,1,0,8
BRDA:40,1,1,4
BRDA:40,2,0,12
BRDA:40,2,1,4
BRDA:56,3,0,0
BRDA:56,3,1,43
BRDA:60,4,0,9
BRDA:60,4,1,34
BRDA:65,5,0,1
BRDA:65,5,1,33
BRDA:65,6,0,57
BRDA:65,6,1,57
BRDA:76,7,0,33
BRDA:76,7,1,0
BRDA:82,8,0,105
BRDA:82,8,1,12
BRDA:85,9,0,3
BRDA:85,9,1,30
BRDA:92,10,0,18
BRDA:92,10,1,12
BRDA:95,11,0,32
BRDA:95,11,1,22
BRDA:97,12,0,2
BRDA:97,12,1,16
BRDA:112,13,0,0
BRDA:112,13,1,14
BRDA:113,14,0,0
BRDA:113,14,1,0
BRDA:118,15,0,5
BRDA:118,15,1,9
BRDA:129,16,0,14
BRDA:129,16,1,0
BRDA:133,17,0,9
BRDA:133,17,1,5
BRDA:143,18,0,9
BRDA:143,18,1,5
BRDA:148,19,0,9
BRDA:148,19,1,5
BRDA:151,20,0,0
BRDA:151,20,1,18
BRDA:153,21,0,0
BRDA:153,21,1,0
BRDA:162,22,0,18
BRDA:162,22,1,60
BRDA:182,23,0,0
BRDA:182,23,1,4
BRDA:185,24,0,2
BRDA:185,24,1,2
BRDA:197,25,0,0
BRDA:197,25,1,4
BRDA:198,26,0,4
BRDA:198,26,1,0
BRDA:220,27,0,4
BRDA:220,27,1,0
BRDA:238,28,0,0
BRDA:238,28,1,1
BRDA:261,29,0,1
BRDA:261,29,1,0
BRF:60
BRH:44
end_of_record
TN:
SF:hooks/useFileTree.ts
FN:14,sortItems
FN:15,(anonymous_1)
FN:16,(anonymous_2)
FN:18,(anonymous_3)
FN:28,useFileTree
FN:35,(anonymous_5)
FN:83,(anonymous_6)
FN:88,(anonymous_7)
FNF:8
FNH:8
FNDA:545,sortItems
FNDA:560,(anonymous_1)
FNDA:560,(anonymous_2)
FNDA:76,(anonymous_3)
FNDA:323,useFileTree
FNDA:323,(anonymous_5)
FNDA:2,(anonymous_6)
FNDA:545,(anonymous_7)
DA:15,560
DA:16,560
DA:18,545
DA:19,76
DA:22,545
DA:23,545
DA:25,545
DA:34,323
DA:36,323
DA:37,323
DA:39,323
DA:40,560
DA:41,222
DA:42,222
DA:43,222
DA:45,222
DA:46,474
DA:47,252
DA:49,252
DA:50,222
DA:59,222
DA:60,222
DA:62,252
DA:66,323
DA:67,560
DA:68,338
DA:69,338
DA:70,338
DA:72,338
DA:73,204
DA:74,204
DA:75,204
DA:78,338
DA:83,2
DA:85,338
DA:88,323
DA:89,545
DA:90,545
DA:91,560
DA:92,222
DA:95,545
DA:98,323
DA:103,323
DA:105,323
LF:44
LH:44
BRDA:40,0,0,338
BRDA:40,0,1,222
BRDA:46,1,0,222
BRDA:46,1,1,252
BRDA:47,2,0,30
BRDA:47,2,1,222
BRDA:49,3,0,222
BRDA:49,3,1,30
BRDA:62,4,0,252
BRDA:62,4,1,0
BRDA:67,5,0,222
BRDA:67,5,1,338
BRDA:73,6,0,0
BRDA:73,6,1,204
BRDA:74,7,0,26
BRDA:74,7,1,178
BRDA:75,8,0,204
BRDA:75,8,1,0
BRDA:80,9,0,338
BRDA:80,9,1,0
BRDA:91,10,0,222
BRDA:91,10,1,338
BRF:22
BRH:18
end_of_record
TN:
SF:lib/actions.client.ts
FN:35,(anonymous_0)
FN:55,(anonymous_1)
FN:65,(anonymous_2)
FN:75,(anonymous_3)
FN:81,(anonymous_4)
FN:87,(anonymous_5)
FN:114,(anonymous_6)
FNF:7
FNH:6
FNDA:30,(anonymous_0)
FNDA:89,(anonymous_1)
FNDA:4,(anonymous_2)
FNDA:14,(anonymous_3)
FNDA:44,(anonymous_4)
FNDA:0,(anonymous_5)
FNDA:5,(anonymous_6)
DA:29,32
DA:31,32
DA:32,0
DA:35,32
DA:38,30
DA:39,30
DA:41,30
DA:42,89
DA:46,89
DA:47,89
DA:51,89
DA:55,89
DA:65,32
DA:68,4
DA:69,4
DA:70,0
DA:72,4
DA:75,32
DA:79,14
DA:80,14
DA:82,44
DA:85,14
DA:86,0
DA:87,0
DA:92,14
DA:93,14
DA:94,5
DA:95,5
DA:101,9
DA:107,9
DA:114,32
DA:117,5
DA:118,5
LF:33
LH:29
BRDA:31,0,0,0
BRDA:31,0,1,32
BRDA:47,1,0,89
BRDA:47,1,1,0
BRDA:48,2,0,89
BRDA:48,2,1,0
BRDA:61,3,0,89
BRDA:61,3,1,35
BRDA:69,4,0,0
BRDA:69,4,1,4
BRDA:85,5,0,0
BRDA:85,5,1,14
BRDA:93,6,0,5
BRDA:93,6,1,9
BRDA:101,7,0,9
BRDA:101,7,1,0
BRDA:117,8,0,5
BRDA:117,8,1,0
BRF:18
BRH:11
end_of_record
TN:
SF:lib/actions.ts
FN:25,(anonymous_0)
FN:32,withTimeout
FN:37,(anonymous_2)
FN:38,(anonymous_3)
FN:54,(anonymous_4)
FN:57,(anonymous_5)
FN:60,(anonymous_6)
FN:63,(anonymous_7)
FNF:8
FNH:6
FNDA:0,(anonymous_0)
FNDA:53,withTimeout
FNDA:53,(anonymous_2)
FNDA:0,(anonymous_3)
FNDA:30,(anonymous_4)
FNDA:4,(anonymous_5)
FNDA:14,(anonymous_6)
FNDA:5,(anonymous_7)
DA:12,32
DA:14,32
DA:17,0
DA:21,32
DA:26,0
DA:27,0
DA:37,53
DA:38,53
DA:39,0
DA:43,53
DA:51,32
DA:54,32
DA:55,30
DA:57,32
DA:58,4
DA:60,32
DA:61,14
DA:63,32
DA:64,5
LF:19
LH:15
BRDA:12,0,0,32
BRDA:12,0,1,0
BRF:2
BRH:1
end_of_record
TN:
SF:lib/const.ts
FNF:0
FNH:0
DA:1,32
LF:1
LH:1
BRF:0
BRH:0
end_of_record
TN:
SF:lib/utils.ts
FN:4,cn
FNF:1
FNH:1
FNDA:10749,cn
DA:5,10749
LF:1
LH:1
BRF:0
BRH:0
end_of_record
